<?xml version="1.0" encoding="UTF-8"?>
<!-- Generated by org.testng.reporters.JUnitXMLReporter -->
<testsuite hostname="m-c02xr0z5jgh7" ignored="0" name="Walmart Testing" tests="14" failures="0" timestamp="25 Jun 2019 05:23:09 GMT" time="11.645" errors="0">
  <testcase name="div" time="0.005" classname="com.qa.tests.DemoTest"/>
  <testcase name="mul" time="0.001" classname="com.qa.tests.DemoTest"/>
  <testcase name="sub" time="0.0" classname="com.qa.tests.DemoTest"/>
  <testcase name="sum" time="0.0" classname="com.qa.tests.DemoTest"/>
  <testcase name="Test1" time="4.358" classname="com.qa.tests.OpenGoogle"/>
  <testcase name="Test2" time="4.217" classname="com.qa.tests.OpenGoogle"/>
  <testcase name="div" time="0.0" classname="com.qa.tests.DemoTest1"/>
  <testcase name="mul" time="0.0" classname="com.qa.tests.DemoTest1"/>
  <testcase name="sub" time="0.0" classname="com.qa.tests.DemoTest1"/>
  <testcase name="sum" time="0.001" classname="com.qa.tests.DemoTest1"/>
  <testcase name="div" time="0.0" classname="com.qa.tests.DemoTest2"/>
  <testcase name="mul" time="0.0" classname="com.qa.tests.DemoTest2"/>
  <testcase name="sub" time="0.0" classname="com.qa.tests.DemoTest2"/>
  <testcase name="sum" time="0.0" classname="com.qa.tests.DemoTest2"/>
</testsuite> <!-- Walmart Testing -->
