<?xml version="1.0" encoding="UTF-8"?>
<!-- Generated by org.testng.reporters.JUnitXMLReporter -->
<testsuite hostname="m-c02xr0z5jgh7" ignored="0" name="Test" tests="14" failures="0" timestamp="25 Jun 2019 05:21:49 GMT" time="36.12" errors="0">
  <testcase name="div" time="0.008" classname="com.qa.tests.DemoTest1"/>
  <testcase name="mul" time="0.002" classname="com.qa.tests.DemoTest1"/>
  <testcase name="sub" time="0.0" classname="com.qa.tests.DemoTest1"/>
  <testcase name="sum" time="0.001" classname="com.qa.tests.DemoTest1"/>
  <testcase name="div" time="0.0" classname="com.qa.tests.DemoTest2"/>
  <testcase name="mul" time="0.001" classname="com.qa.tests.DemoTest2"/>
  <testcase name="sub" time="0.001" classname="com.qa.tests.DemoTest2"/>
  <testcase name="sum" time="0.0" classname="com.qa.tests.DemoTest2"/>
  <testcase name="div" time="0.001" classname="com.qa.tests.DemoTest"/>
  <testcase name="mul" time="0.0" classname="com.qa.tests.DemoTest"/>
  <testcase name="sub" time="0.0" classname="com.qa.tests.DemoTest"/>
  <testcase name="sum" time="0.0" classname="com.qa.tests.DemoTest"/>
  <testcase name="Test1" time="4.057" classname="com.qa.tests.OpenGoogle"/>
  <testcase name="Test2" time="28.806" classname="com.qa.tests.OpenGoogle"/>
</testsuite> <!-- Test -->
