<?xml version="1.0" encoding="UTF-8"?>
<testng-results skipped="0" failed="0" ignored="0" total="14" passed="14">
  <reporter-output>
  </reporter-output>
  <suite name="Walmart Test Suite" duration-ms="11645" started-at="2019-06-25T05:22:58Z" finished-at="2019-06-25T05:23:09Z">
    <groups>
    </groups>
    <test name="Walmart Testing" duration-ms="11645" started-at="2019-06-25T05:22:58Z" finished-at="2019-06-25T05:23:09Z">
      <class name="com.qa.tests.OpenGoogle">
        <test-method status="PASS" signature="launchDriver()[pri:0, instance:com.qa.tests.OpenGoogle@17550481]" name="launchDriver" is-config="true" duration-ms="1702" started-at="2019-06-24T22:22:58Z" finished-at="2019-06-24T22:22:59Z">
          <reporter-output>
          </reporter-output>
        </test-method> <!-- launchDriver -->
        <test-method status="PASS" signature="Test1()[pri:0, instance:com.qa.tests.OpenGoogle@17550481]" name="Test1" duration-ms="4358" started-at="2019-06-24T22:22:59Z" finished-at="2019-06-24T22:23:04Z">
          <reporter-output>
          </reporter-output>
        </test-method> <!-- Test1 -->
        <test-method status="PASS" signature="quitDriver()[pri:0, instance:com.qa.tests.OpenGoogle@17550481]" name="quitDriver" is-config="true" duration-ms="90" started-at="2019-06-24T22:23:04Z" finished-at="2019-06-24T22:23:04Z">
          <reporter-output>
          </reporter-output>
        </test-method> <!-- quitDriver -->
        <test-method status="PASS" signature="launchDriver()[pri:0, instance:com.qa.tests.OpenGoogle@17550481]" name="launchDriver" is-config="true" duration-ms="1147" started-at="2019-06-24T22:23:04Z" finished-at="2019-06-24T22:23:05Z">
          <reporter-output>
          </reporter-output>
        </test-method> <!-- launchDriver -->
        <test-method status="PASS" signature="Test2()[pri:0, instance:com.qa.tests.OpenGoogle@17550481]" name="Test2" duration-ms="4217" started-at="2019-06-24T22:23:05Z" finished-at="2019-06-24T22:23:09Z">
          <reporter-output>
          </reporter-output>
        </test-method> <!-- Test2 -->
        <test-method status="PASS" signature="quitDriver()[pri:0, instance:com.qa.tests.OpenGoogle@17550481]" name="quitDriver" is-config="true" duration-ms="107" started-at="2019-06-24T22:23:09Z" finished-at="2019-06-24T22:23:09Z">
          <reporter-output>
          </reporter-output>
        </test-method> <!-- quitDriver -->
      </class> <!-- com.qa.tests.OpenGoogle -->
      <class name="com.qa.tests.DemoTest">
        <test-method status="PASS" signature="div()[pri:0, instance:com.qa.tests.DemoTest@783e6358]" name="div" duration-ms="5" started-at="2019-06-24T22:22:58Z" finished-at="2019-06-24T22:22:58Z">
          <reporter-output>
          </reporter-output>
        </test-method> <!-- div -->
        <test-method status="PASS" signature="mul()[pri:0, instance:com.qa.tests.DemoTest@783e6358]" name="mul" duration-ms="1" started-at="2019-06-24T22:22:58Z" finished-at="2019-06-24T22:22:58Z">
          <reporter-output>
          </reporter-output>
        </test-method> <!-- mul -->
        <test-method status="PASS" signature="sum()[pri:0, instance:com.qa.tests.DemoTest@783e6358]" name="sum" duration-ms="0" started-at="2019-06-24T22:22:58Z" finished-at="2019-06-24T22:22:58Z">
          <reporter-output>
          </reporter-output>
        </test-method> <!-- sum -->
        <test-method status="PASS" signature="sub()[pri:0, instance:com.qa.tests.DemoTest@783e6358]" name="sub" duration-ms="0" started-at="2019-06-24T22:22:58Z" finished-at="2019-06-24T22:22:58Z">
          <reporter-output>
          </reporter-output>
        </test-method> <!-- sub -->
      </class> <!-- com.qa.tests.DemoTest -->
      <class name="com.qa.tests.DemoTest1">
        <test-method status="PASS" signature="div()[pri:0, instance:com.qa.tests.DemoTest1@735f7ae5]" name="div" duration-ms="0" started-at="2019-06-24T22:23:09Z" finished-at="2019-06-24T22:23:09Z">
          <reporter-output>
          </reporter-output>
        </test-method> <!-- div -->
        <test-method status="PASS" signature="sub()[pri:0, instance:com.qa.tests.DemoTest1@735f7ae5]" name="sub" duration-ms="0" started-at="2019-06-24T22:23:09Z" finished-at="2019-06-24T22:23:09Z">
          <reporter-output>
          </reporter-output>
        </test-method> <!-- sub -->
        <test-method status="PASS" signature="mul()[pri:0, instance:com.qa.tests.DemoTest1@735f7ae5]" name="mul" duration-ms="0" started-at="2019-06-24T22:23:09Z" finished-at="2019-06-24T22:23:09Z">
          <reporter-output>
          </reporter-output>
        </test-method> <!-- mul -->
        <test-method status="PASS" signature="sum()[pri:0, instance:com.qa.tests.DemoTest1@735f7ae5]" name="sum" duration-ms="1" started-at="2019-06-24T22:23:09Z" finished-at="2019-06-24T22:23:09Z">
          <reporter-output>
          </reporter-output>
        </test-method> <!-- sum -->
      </class> <!-- com.qa.tests.DemoTest1 -->
      <class name="com.qa.tests.DemoTest2">
        <test-method status="PASS" signature="div()[pri:0, instance:com.qa.tests.DemoTest2@180bc464]" name="div" duration-ms="0" started-at="2019-06-24T22:23:09Z" finished-at="2019-06-24T22:23:09Z">
          <reporter-output>
          </reporter-output>
        </test-method> <!-- div -->
        <test-method status="PASS" signature="mul()[pri:0, instance:com.qa.tests.DemoTest2@180bc464]" name="mul" duration-ms="0" started-at="2019-06-24T22:23:09Z" finished-at="2019-06-24T22:23:09Z">
          <reporter-output>
          </reporter-output>
        </test-method> <!-- mul -->
        <test-method status="PASS" signature="sub()[pri:0, instance:com.qa.tests.DemoTest2@180bc464]" name="sub" duration-ms="0" started-at="2019-06-24T22:23:09Z" finished-at="2019-06-24T22:23:09Z">
          <reporter-output>
          </reporter-output>
        </test-method> <!-- sub -->
        <test-method status="PASS" signature="sum()[pri:0, instance:com.qa.tests.DemoTest2@180bc464]" name="sum" duration-ms="0" started-at="2019-06-24T22:23:09Z" finished-at="2019-06-24T22:23:09Z">
          <reporter-output>
          </reporter-output>
        </test-method> <!-- sum -->
      </class> <!-- com.qa.tests.DemoTest2 -->
    </test> <!-- Walmart Testing -->
  </suite> <!-- Walmart Test Suite -->
</testng-results>
