<?xml version="1.0" encoding="UTF-8"?>
<testng-results skipped="0" failed="0" ignored="0" total="14" passed="14">
  <reporter-output>
  </reporter-output>
  <suite name="Suite" duration-ms="9651" started-at="2019-06-29T05:03:44Z" finished-at="2019-06-29T05:03:53Z">
    <groups>
    </groups>
    <test name="Test" duration-ms="9651" started-at="2019-06-29T05:03:44Z" finished-at="2019-06-29T05:03:53Z">
      <class name="com.qa.tests.OpenGoogle">
        <test-method status="PASS" signature="launchDriver()[pri:0, instance:com.qa.tests.OpenGoogle@42d80b78]" name="launchDriver" is-config="true" duration-ms="3145" started-at="2019-06-28T22:03:44Z" finished-at="2019-06-28T22:03:47Z">
          <reporter-output>
          </reporter-output>
        </test-method> <!-- launchDriver -->
        <test-method status="PASS" signature="Test1()[pri:0, instance:com.qa.tests.OpenGoogle@42d80b78]" name="Test1" duration-ms="2225" started-at="2019-06-28T22:03:47Z" finished-at="2019-06-28T22:03:49Z">
          <reporter-output>
          </reporter-output>
        </test-method> <!-- Test1 -->
        <test-method status="PASS" signature="quitDriver()[pri:0, instance:com.qa.tests.OpenGoogle@42d80b78]" name="quitDriver" is-config="true" duration-ms="85" started-at="2019-06-28T22:03:49Z" finished-at="2019-06-28T22:03:49Z">
          <reporter-output>
          </reporter-output>
        </test-method> <!-- quitDriver -->
        <test-method status="PASS" signature="launchDriver()[pri:0, instance:com.qa.tests.OpenGoogle@42d80b78]" name="launchDriver" is-config="true" duration-ms="1195" started-at="2019-06-28T22:03:49Z" finished-at="2019-06-28T22:03:50Z">
          <reporter-output>
          </reporter-output>
        </test-method> <!-- launchDriver -->
        <test-method status="PASS" signature="Test2()[pri:0, instance:com.qa.tests.OpenGoogle@42d80b78]" name="Test2" duration-ms="2845" started-at="2019-06-28T22:03:50Z" finished-at="2019-06-28T22:03:53Z">
          <reporter-output>
          </reporter-output>
        </test-method> <!-- Test2 -->
        <test-method status="PASS" signature="quitDriver()[pri:0, instance:com.qa.tests.OpenGoogle@42d80b78]" name="quitDriver" is-config="true" duration-ms="110" started-at="2019-06-28T22:03:53Z" finished-at="2019-06-28T22:03:53Z">
          <reporter-output>
          </reporter-output>
        </test-method> <!-- quitDriver -->
      </class> <!-- com.qa.tests.OpenGoogle -->
      <class name="com.qa.tests.DemoTest">
        <test-method status="PASS" signature="div()[pri:0, instance:com.qa.tests.DemoTest@1e88b3c]" name="div" duration-ms="1" started-at="2019-06-28T22:03:44Z" finished-at="2019-06-28T22:03:44Z">
          <reporter-output>
          </reporter-output>
        </test-method> <!-- div -->
        <test-method status="PASS" signature="mul()[pri:0, instance:com.qa.tests.DemoTest@1e88b3c]" name="mul" duration-ms="0" started-at="2019-06-28T22:03:44Z" finished-at="2019-06-28T22:03:44Z">
          <reporter-output>
          </reporter-output>
        </test-method> <!-- mul -->
        <test-method status="PASS" signature="sub()[pri:0, instance:com.qa.tests.DemoTest@1e88b3c]" name="sub" duration-ms="1" started-at="2019-06-28T22:03:44Z" finished-at="2019-06-28T22:03:44Z">
          <reporter-output>
          </reporter-output>
        </test-method> <!-- sub -->
        <test-method status="PASS" signature="sum()[pri:0, instance:com.qa.tests.DemoTest@1e88b3c]" name="sum" duration-ms="1" started-at="2019-06-28T22:03:44Z" finished-at="2019-06-28T22:03:44Z">
          <reporter-output>
          </reporter-output>
        </test-method> <!-- sum -->
      </class> <!-- com.qa.tests.DemoTest -->
      <class name="com.qa.tests.DemoTest1">
        <test-method status="PASS" signature="div()[pri:0, instance:com.qa.tests.DemoTest1@66a3ffec]" name="div" duration-ms="9" started-at="2019-06-28T22:03:44Z" finished-at="2019-06-28T22:03:44Z">
          <reporter-output>
          </reporter-output>
        </test-method> <!-- div -->
        <test-method status="PASS" signature="mul()[pri:0, instance:com.qa.tests.DemoTest1@66a3ffec]" name="mul" duration-ms="1" started-at="2019-06-28T22:03:44Z" finished-at="2019-06-28T22:03:44Z">
          <reporter-output>
          </reporter-output>
        </test-method> <!-- mul -->
        <test-method status="PASS" signature="sub()[pri:0, instance:com.qa.tests.DemoTest1@66a3ffec]" name="sub" duration-ms="0" started-at="2019-06-28T22:03:44Z" finished-at="2019-06-28T22:03:44Z">
          <reporter-output>
          </reporter-output>
        </test-method> <!-- sub -->
        <test-method status="PASS" signature="sum()[pri:0, instance:com.qa.tests.DemoTest1@66a3ffec]" name="sum" duration-ms="1" started-at="2019-06-28T22:03:44Z" finished-at="2019-06-28T22:03:44Z">
          <reporter-output>
          </reporter-output>
        </test-method> <!-- sum -->
      </class> <!-- com.qa.tests.DemoTest1 -->
      <class name="com.qa.tests.DemoTest2">
        <test-method status="PASS" signature="div()[pri:0, instance:com.qa.tests.DemoTest2@77caeb3e]" name="div" duration-ms="1" started-at="2019-06-28T22:03:44Z" finished-at="2019-06-28T22:03:44Z">
          <reporter-output>
          </reporter-output>
        </test-method> <!-- div -->
        <test-method status="PASS" signature="mul()[pri:0, instance:com.qa.tests.DemoTest2@77caeb3e]" name="mul" duration-ms="0" started-at="2019-06-28T22:03:44Z" finished-at="2019-06-28T22:03:44Z">
          <reporter-output>
          </reporter-output>
        </test-method> <!-- mul -->
        <test-method status="PASS" signature="sub()[pri:0, instance:com.qa.tests.DemoTest2@77caeb3e]" name="sub" duration-ms="1" started-at="2019-06-28T22:03:44Z" finished-at="2019-06-28T22:03:44Z">
          <reporter-output>
          </reporter-output>
        </test-method> <!-- sub -->
        <test-method status="PASS" signature="sum()[pri:0, instance:com.qa.tests.DemoTest2@77caeb3e]" name="sum" duration-ms="0" started-at="2019-06-28T22:03:44Z" finished-at="2019-06-28T22:03:44Z">
          <reporter-output>
          </reporter-output>
        </test-method> <!-- sum -->
      </class> <!-- com.qa.tests.DemoTest2 -->
    </test> <!-- Test -->
  </suite> <!-- Suite -->
</testng-results>
